{"name":"Comprar en metrope","id":"title-of-your-feature;comprar-en-metrope","testSteps":[{"number":1,"description":"Given yo me encuentro en el home de la tienda metrope","duration":26386,"startTime":"2019-08-29T18:21:58.041-05:00[America/Bogota]","screenshots":[{"screenshot":"8c16a7250b153ce1cea5173918f2c1d37a803b77a4658e1d098ba2e4fa3bffcf.png","timeStamp":1567120944427}],"result":"SUCCESS","precondition":false,"level":0,"children":[{"number":2,"description":"Fabio abrir","duration":25620,"startTime":"2019-08-29T18:21:58.799-05:00[America/Bogota]","screenshots":[{"screenshot":"8c16a7250b153ce1cea5173918f2c1d37a803b77a4658e1d098ba2e4fa3bffcf.png","timeStamp":1567120944419}],"result":"SUCCESS","precondition":false,"level":1,"children":[{"number":3,"description":"fabio opens the Pagina inicial metrope","duration":25553,"startTime":"2019-08-29T18:21:58.849-05:00[America/Bogota]","screenshots":[{"screenshot":"8c16a7250b153ce1cea5173918f2c1d37a803b77a4658e1d098ba2e4fa3bffcf.png","timeStamp":1567120944401}],"result":"SUCCESS","precondition":false,"level":2}]}]},{"number":4,"description":"When yo compro una silla para bebe Krea Baby Silla de Comer Rosa","duration":22207,"startTime":"2019-08-29T18:22:24.428-05:00[America/Bogota]","screenshots":[{"screenshot":"8c16a7250b153ce1cea5173918f2c1d37a803b77a4658e1d098ba2e4fa3bffcf.png","timeStamp":1567120944431}],"exception":{"errorType":"net.thucydides.core.webdriver.exceptions.ElementShouldBeEnabledException","message":"Expected enabled element was not enabled","stackTrace":[{"declaringClass":"com.metrope.www.task.Comprar","methodName":"performAs","fileName":"Comprar.java","lineNumber":16},{"declaringClass":"com.metrope.www.stepdefinitions.MetroStepDefinitions","methodName":"yoComproUnaSillaParaBebeKreaBabySillaDeComerRosa","fileName":"MetroStepDefinitions.java","lineNumber":33},{"declaringClass":"cucumber.runner.Runner","methodName":"runPickle","fileName":"Runner.java","lineNumber":80},{"declaringClass":"org.eclipse.jdt.internal.junit4.runner.JUnit4TestReference","methodName":"run","fileName":"JUnit4TestReference.java","lineNumber":86},{"declaringClass":"org.eclipse.jdt.internal.junit.runner.TestExecution","methodName":"run","fileName":"TestExecution.java","lineNumber":38},{"declaringClass":"org.eclipse.jdt.internal.junit.runner.RemoteTestRunner","methodName":"runTests","fileName":"RemoteTestRunner.java","lineNumber":538},{"declaringClass":"org.eclipse.jdt.internal.junit.runner.RemoteTestRunner","methodName":"runTests","fileName":"RemoteTestRunner.java","lineNumber":760},{"declaringClass":"org.eclipse.jdt.internal.junit.runner.RemoteTestRunner","methodName":"run","fileName":"RemoteTestRunner.java","lineNumber":460},{"declaringClass":"org.eclipse.jdt.internal.junit.runner.RemoteTestRunner","methodName":"main","fileName":"RemoteTestRunner.java","lineNumber":206}],"rootCause":{"errorType":"org.openqa.selenium.TimeoutException","message":"Expected condition failed: waiting for By.xpath: //button[@class\u003d\u0027product-item__add-to-cart product-add-to-cart btn red add-to-cart\u0027][@data-productid\u003d\u002753327\u0027] to be enabled (tried for 5 second(s) with 100 milliseconds interval)","stackTrace":[{"declaringClass":"com.metrope.www.task.Comprar","methodName":"performAs","fileName":"Comprar.java","lineNumber":16},{"declaringClass":"com.metrope.www.stepdefinitions.MetroStepDefinitions","methodName":"yoComproUnaSillaParaBebeKreaBabySillaDeComerRosa","fileName":"MetroStepDefinitions.java","lineNumber":33},{"declaringClass":"cucumber.runner.Runner","methodName":"runPickle","fileName":"Runner.java","lineNumber":80},{"declaringClass":"org.eclipse.jdt.internal.junit4.runner.JUnit4TestReference","methodName":"run","fileName":"JUnit4TestReference.java","lineNumber":86},{"declaringClass":"org.eclipse.jdt.internal.junit.runner.TestExecution","methodName":"run","fileName":"TestExecution.java","lineNumber":38},{"declaringClass":"org.eclipse.jdt.internal.junit.runner.RemoteTestRunner","methodName":"runTests","fileName":"RemoteTestRunner.java","lineNumber":538},{"declaringClass":"org.eclipse.jdt.internal.junit.runner.RemoteTestRunner","methodName":"runTests","fileName":"RemoteTestRunner.java","lineNumber":760},{"declaringClass":"org.eclipse.jdt.internal.junit.runner.RemoteTestRunner","methodName":"run","fileName":"RemoteTestRunner.java","lineNumber":460},{"declaringClass":"org.eclipse.jdt.internal.junit.runner.RemoteTestRunner","methodName":"main","fileName":"RemoteTestRunner.java","lineNumber":206}],"rootCause":{"errorType":"org.openqa.selenium.NoSuchElementException","message":"no such element: Unable to locate element: {\"method\":\"xpath\",\"selector\":\"//button[@class\u003d\u0027product-item__add-to-cart product-add-to-cart btn red add-to-cart\u0027][@data-productid\u003d\u002753327\u0027]\"}\n  (Session info: chrome\u003d76.0.3809.132)\n  (Driver info: chromedriver\u003d2.37.544315 (730aa6a5fdba159ac9f4c1e8cbc59bf1b5ce12b7),platform\u003dWindows NT 10.0.17134 x86_64) (WARNING: The server did not provide any stacktrace information)\nCommand duration or timeout: 0 milliseconds\nFor documentation on this error, please visit: https://www.seleniumhq.org/exceptions/no_such_element.html\nBuild info: version: \u00273.141.59\u0027, revision: \u0027e82be7d358\u0027, time: \u00272018-11-14T08:17:03\u0027\nSystem info: host: \u0027TECHCRZ\u0027, ip: \u0027192.168.0.11\u0027, os.name: \u0027Windows 10\u0027, os.arch: \u0027amd64\u0027, os.version: \u002710.0\u0027, java.version: \u00271.8.0_201\u0027\nDriver info: org.openqa.selenium.remote.RemoteWebDriver\nCapabilities {acceptInsecureCerts: false, acceptSslCerts: false, applicationCacheEnabled: false, browserConnectionEnabled: false, browserName: chrome, chrome: {chromedriverVersion: 2.37.544315 (730aa6a5fdba15..., userDataDir: C:\\Users\\CATHER~1\\AppData\\L...}, cssSelectorsEnabled: true, databaseEnabled: false, handlesAlerts: true, hasTouchScreen: false, javascriptEnabled: true, locationContextEnabled: true, mobileEmulationEnabled: false, nativeEvents: true, networkConnectionEnabled: false, pageLoadStrategy: normal, platform: XP, platformName: XP, rotatable: false, setWindowRect: true, takesHeapSnapshot: true, takesScreenshot: true, unexpectedAlertBehaviour: , unhandledPromptBehavior: , version: 76.0.3809.132, webStorageEnabled: true}\nSession ID: f3c031691c0fcb7827b066193de1a728\n*** Element info: {Using\u003dxpath, value\u003d//button[@class\u003d\u0027product-item__add-to-cart product-add-to-cart btn red add-to-cart\u0027][@data-productid\u003d\u002753327\u0027]}","stackTrace":[{"declaringClass":"com.metrope.www.task.Comprar","methodName":"performAs","fileName":"Comprar.java","lineNumber":16},{"declaringClass":"com.metrope.www.stepdefinitions.MetroStepDefinitions","methodName":"yoComproUnaSillaParaBebeKreaBabySillaDeComerRosa","fileName":"MetroStepDefinitions.java","lineNumber":33},{"declaringClass":"cucumber.runner.Runner","methodName":"runPickle","fileName":"Runner.java","lineNumber":80},{"declaringClass":"org.eclipse.jdt.internal.junit4.runner.JUnit4TestReference","methodName":"run","fileName":"JUnit4TestReference.java","lineNumber":86},{"declaringClass":"org.eclipse.jdt.internal.junit.runner.TestExecution","methodName":"run","fileName":"TestExecution.java","lineNumber":38},{"declaringClass":"org.eclipse.jdt.internal.junit.runner.RemoteTestRunner","methodName":"runTests","fileName":"RemoteTestRunner.java","lineNumber":538},{"declaringClass":"org.eclipse.jdt.internal.junit.runner.RemoteTestRunner","methodName":"runTests","fileName":"RemoteTestRunner.java","lineNumber":760},{"declaringClass":"org.eclipse.jdt.internal.junit.runner.RemoteTestRunner","methodName":"run","fileName":"RemoteTestRunner.java","lineNumber":460},{"declaringClass":"org.eclipse.jdt.internal.junit.runner.RemoteTestRunner","methodName":"main","fileName":"RemoteTestRunner.java","lineNumber":206}]}}},"result":"FAILURE","precondition":false,"level":0,"children":[{"number":5,"description":"Fabio notificacion","duration":5296,"startTime":"2019-08-29T18:22:24.472-05:00[America/Bogota]","screenshots":[{"screenshot":"fab3045b38de30c911db1732697dcdcc907707c25d8f7b89bc73bffeb362e72f.png","timeStamp":1567120946767},{"screenshot":"2336079bc31d8324582829e72791bd2c0727b00352b8af79f3138b5e24baacb0.png","timeStamp":1567120949767}],"result":"SUCCESS","precondition":false,"level":1,"children":[{"number":6,"description":"fabio clicks on Mensaje de Notificacion","duration":2766,"startTime":"2019-08-29T18:22:26.997-05:00[America/Bogota]","screenshots":[{"screenshot":"719cec9aedbd7ba1fa04cef48d7357d6de93ff69a25c67f7afc67321b40e2f18.png","timeStamp":1567120948498},{"screenshot":"2336079bc31d8324582829e72791bd2c0727b00352b8af79f3138b5e24baacb0.png","timeStamp":1567120949762}],"result":"SUCCESS","precondition":false,"level":2}]},{"number":7,"description":"Fabio comprar","duration":16850,"startTime":"2019-08-29T18:22:29.780-05:00[America/Bogota]","screenshots":[{"screenshot":"2336079bc31d8324582829e72791bd2c0727b00352b8af79f3138b5e24baacb0.png","timeStamp":1567120949782}],"exception":{"errorType":"net.thucydides.core.webdriver.exceptions.ElementShouldBeEnabledException","message":"Expected enabled element was not enabled","stackTrace":[{"declaringClass":"com.metrope.www.task.Comprar","methodName":"performAs","fileName":"Comprar.java","lineNumber":16},{"declaringClass":"com.metrope.www.stepdefinitions.MetroStepDefinitions","methodName":"yoComproUnaSillaParaBebeKreaBabySillaDeComerRosa","fileName":"MetroStepDefinitions.java","lineNumber":33},{"declaringClass":"cucumber.runner.Runner","methodName":"runPickle","fileName":"Runner.java","lineNumber":80},{"declaringClass":"org.eclipse.jdt.internal.junit4.runner.JUnit4TestReference","methodName":"run","fileName":"JUnit4TestReference.java","lineNumber":86},{"declaringClass":"org.eclipse.jdt.internal.junit.runner.TestExecution","methodName":"run","fileName":"TestExecution.java","lineNumber":38},{"declaringClass":"org.eclipse.jdt.internal.junit.runner.RemoteTestRunner","methodName":"runTests","fileName":"RemoteTestRunner.java","lineNumber":538},{"declaringClass":"org.eclipse.jdt.internal.junit.runner.RemoteTestRunner","methodName":"runTests","fileName":"RemoteTestRunner.java","lineNumber":760},{"declaringClass":"org.eclipse.jdt.internal.junit.runner.RemoteTestRunner","methodName":"run","fileName":"RemoteTestRunner.java","lineNumber":460},{"declaringClass":"org.eclipse.jdt.internal.junit.runner.RemoteTestRunner","methodName":"main","fileName":"RemoteTestRunner.java","lineNumber":206}],"rootCause":{"errorType":"org.openqa.selenium.TimeoutException","message":"Expected condition failed: waiting for By.xpath: //button[@class\u003d\u0027product-item__add-to-cart product-add-to-cart btn red add-to-cart\u0027][@data-productid\u003d\u002753327\u0027] to be enabled (tried for 5 second(s) with 100 milliseconds interval)","stackTrace":[{"declaringClass":"com.metrope.www.task.Comprar","methodName":"performAs","fileName":"Comprar.java","lineNumber":16},{"declaringClass":"com.metrope.www.stepdefinitions.MetroStepDefinitions","methodName":"yoComproUnaSillaParaBebeKreaBabySillaDeComerRosa","fileName":"MetroStepDefinitions.java","lineNumber":33},{"declaringClass":"cucumber.runner.Runner","methodName":"runPickle","fileName":"Runner.java","lineNumber":80},{"declaringClass":"org.eclipse.jdt.internal.junit4.runner.JUnit4TestReference","methodName":"run","fileName":"JUnit4TestReference.java","lineNumber":86},{"declaringClass":"org.eclipse.jdt.internal.junit.runner.TestExecution","methodName":"run","fileName":"TestExecution.java","lineNumber":38},{"declaringClass":"org.eclipse.jdt.internal.junit.runner.RemoteTestRunner","methodName":"runTests","fileName":"RemoteTestRunner.java","lineNumber":538},{"declaringClass":"org.eclipse.jdt.internal.junit.runner.RemoteTestRunner","methodName":"runTests","fileName":"RemoteTestRunner.java","lineNumber":760},{"declaringClass":"org.eclipse.jdt.internal.junit.runner.RemoteTestRunner","methodName":"run","fileName":"RemoteTestRunner.java","lineNumber":460},{"declaringClass":"org.eclipse.jdt.internal.junit.runner.RemoteTestRunner","methodName":"main","fileName":"RemoteTestRunner.java","lineNumber":206}],"rootCause":{"errorType":"org.openqa.selenium.NoSuchElementException","message":"no such element: Unable to locate element: {\"method\":\"xpath\",\"selector\":\"//button[@class\u003d\u0027product-item__add-to-cart product-add-to-cart btn red add-to-cart\u0027][@data-productid\u003d\u002753327\u0027]\"}\n  (Session info: chrome\u003d76.0.3809.132)\n  (Driver info: chromedriver\u003d2.37.544315 (730aa6a5fdba159ac9f4c1e8cbc59bf1b5ce12b7),platform\u003dWindows NT 10.0.17134 x86_64) (WARNING: The server did not provide any stacktrace information)\nCommand duration or timeout: 0 milliseconds\nFor documentation on this error, please visit: https://www.seleniumhq.org/exceptions/no_such_element.html\nBuild info: version: \u00273.141.59\u0027, revision: \u0027e82be7d358\u0027, time: \u00272018-11-14T08:17:03\u0027\nSystem info: host: \u0027TECHCRZ\u0027, ip: \u0027192.168.0.11\u0027, os.name: \u0027Windows 10\u0027, os.arch: \u0027amd64\u0027, os.version: \u002710.0\u0027, java.version: \u00271.8.0_201\u0027\nDriver info: org.openqa.selenium.remote.RemoteWebDriver\nCapabilities {acceptInsecureCerts: false, acceptSslCerts: false, applicationCacheEnabled: false, browserConnectionEnabled: false, browserName: chrome, chrome: {chromedriverVersion: 2.37.544315 (730aa6a5fdba15..., userDataDir: C:\\Users\\CATHER~1\\AppData\\L...}, cssSelectorsEnabled: true, databaseEnabled: false, handlesAlerts: true, hasTouchScreen: false, javascriptEnabled: true, locationContextEnabled: true, mobileEmulationEnabled: false, nativeEvents: true, networkConnectionEnabled: false, pageLoadStrategy: normal, platform: XP, platformName: XP, rotatable: false, setWindowRect: true, takesHeapSnapshot: true, takesScreenshot: true, unexpectedAlertBehaviour: , unhandledPromptBehavior: , version: 76.0.3809.132, webStorageEnabled: true}\nSession ID: f3c031691c0fcb7827b066193de1a728\n*** Element info: {Using\u003dxpath, value\u003d//button[@class\u003d\u0027product-item__add-to-cart product-add-to-cart btn red add-to-cart\u0027][@data-productid\u003d\u002753327\u0027]}","stackTrace":[{"declaringClass":"com.metrope.www.task.Comprar","methodName":"performAs","fileName":"Comprar.java","lineNumber":16},{"declaringClass":"com.metrope.www.stepdefinitions.MetroStepDefinitions","methodName":"yoComproUnaSillaParaBebeKreaBabySillaDeComerRosa","fileName":"MetroStepDefinitions.java","lineNumber":33},{"declaringClass":"cucumber.runner.Runner","methodName":"runPickle","fileName":"Runner.java","lineNumber":80},{"declaringClass":"org.eclipse.jdt.internal.junit4.runner.JUnit4TestReference","methodName":"run","fileName":"JUnit4TestReference.java","lineNumber":86},{"declaringClass":"org.eclipse.jdt.internal.junit.runner.TestExecution","methodName":"run","fileName":"TestExecution.java","lineNumber":38},{"declaringClass":"org.eclipse.jdt.internal.junit.runner.RemoteTestRunner","methodName":"runTests","fileName":"RemoteTestRunner.java","lineNumber":538},{"declaringClass":"org.eclipse.jdt.internal.junit.runner.RemoteTestRunner","methodName":"runTests","fileName":"RemoteTestRunner.java","lineNumber":760},{"declaringClass":"org.eclipse.jdt.internal.junit.runner.RemoteTestRunner","methodName":"run","fileName":"RemoteTestRunner.java","lineNumber":460},{"declaringClass":"org.eclipse.jdt.internal.junit.runner.RemoteTestRunner","methodName":"main","fileName":"RemoteTestRunner.java","lineNumber":206}]}}},"result":"FAILURE","precondition":false,"level":1,"children":[{"number":8,"description":"fabio clicks on Boton Ni√±os y Bebes","duration":9205,"startTime":"2019-08-29T18:22:29.802-05:00[America/Bogota]","screenshots":[{"screenshot":"2336079bc31d8324582829e72791bd2c0727b00352b8af79f3138b5e24baacb0.png","timeStamp":1567120949804},{"screenshot":"f5e4663f02a7cbe173fe0cd8ded2b242f412366bc53a2619a87ba75c6ff9d53a.png","timeStamp":1567120959007}],"result":"SUCCESS","precondition":false,"level":2},{"number":9,"description":"fabio clicks on Boton Agregar","duration":7612,"startTime":"2019-08-29T18:22:39.013-05:00[America/Bogota]","screenshots":[{"screenshot":"f5e4663f02a7cbe173fe0cd8ded2b242f412366bc53a2619a87ba75c6ff9d53a.png","timeStamp":1567120959018},{"screenshot":"21332fc99adb691a8993ff98788411d037174b18cbad09667a275744810c9232.png","htmlSource":"pagesource125759110854542881.html.txt","timeStamp":1567120966617}],"exception":{"errorType":"net.thucydides.core.webdriver.exceptions.ElementShouldBeEnabledException","message":"Expected enabled element was not enabled","stackTrace":[{"declaringClass":"com.metrope.www.task.Comprar","methodName":"performAs","fileName":"Comprar.java","lineNumber":16},{"declaringClass":"com.metrope.www.stepdefinitions.MetroStepDefinitions","methodName":"yoComproUnaSillaParaBebeKreaBabySillaDeComerRosa","fileName":"MetroStepDefinitions.java","lineNumber":33},{"declaringClass":"cucumber.runner.Runner","methodName":"runPickle","fileName":"Runner.java","lineNumber":80},{"declaringClass":"org.eclipse.jdt.internal.junit4.runner.JUnit4TestReference","methodName":"run","fileName":"JUnit4TestReference.java","lineNumber":86},{"declaringClass":"org.eclipse.jdt.internal.junit.runner.TestExecution","methodName":"run","fileName":"TestExecution.java","lineNumber":38},{"declaringClass":"org.eclipse.jdt.internal.junit.runner.RemoteTestRunner","methodName":"runTests","fileName":"RemoteTestRunner.java","lineNumber":538},{"declaringClass":"org.eclipse.jdt.internal.junit.runner.RemoteTestRunner","methodName":"runTests","fileName":"RemoteTestRunner.java","lineNumber":760},{"declaringClass":"org.eclipse.jdt.internal.junit.runner.RemoteTestRunner","methodName":"run","fileName":"RemoteTestRunner.java","lineNumber":460},{"declaringClass":"org.eclipse.jdt.internal.junit.runner.RemoteTestRunner","methodName":"main","fileName":"RemoteTestRunner.java","lineNumber":206}],"rootCause":{"errorType":"org.openqa.selenium.TimeoutException","message":"Expected condition failed: waiting for By.xpath: //button[@class\u003d\u0027product-item__add-to-cart product-add-to-cart btn red add-to-cart\u0027][@data-productid\u003d\u002753327\u0027] to be enabled (tried for 5 second(s) with 100 milliseconds interval)","stackTrace":[{"declaringClass":"com.metrope.www.task.Comprar","methodName":"performAs","fileName":"Comprar.java","lineNumber":16},{"declaringClass":"com.metrope.www.stepdefinitions.MetroStepDefinitions","methodName":"yoComproUnaSillaParaBebeKreaBabySillaDeComerRosa","fileName":"MetroStepDefinitions.java","lineNumber":33},{"declaringClass":"cucumber.runner.Runner","methodName":"runPickle","fileName":"Runner.java","lineNumber":80},{"declaringClass":"org.eclipse.jdt.internal.junit4.runner.JUnit4TestReference","methodName":"run","fileName":"JUnit4TestReference.java","lineNumber":86},{"declaringClass":"org.eclipse.jdt.internal.junit.runner.TestExecution","methodName":"run","fileName":"TestExecution.java","lineNumber":38},{"declaringClass":"org.eclipse.jdt.internal.junit.runner.RemoteTestRunner","methodName":"runTests","fileName":"RemoteTestRunner.java","lineNumber":538},{"declaringClass":"org.eclipse.jdt.internal.junit.runner.RemoteTestRunner","methodName":"runTests","fileName":"RemoteTestRunner.java","lineNumber":760},{"declaringClass":"org.eclipse.jdt.internal.junit.runner.RemoteTestRunner","methodName":"run","fileName":"RemoteTestRunner.java","lineNumber":460},{"declaringClass":"org.eclipse.jdt.internal.junit.runner.RemoteTestRunner","methodName":"main","fileName":"RemoteTestRunner.java","lineNumber":206}],"rootCause":{"errorType":"org.openqa.selenium.NoSuchElementException","message":"no such element: Unable to locate element: {\"method\":\"xpath\",\"selector\":\"//button[@class\u003d\u0027product-item__add-to-cart product-add-to-cart btn red add-to-cart\u0027][@data-productid\u003d\u002753327\u0027]\"}\n  (Session info: chrome\u003d76.0.3809.132)\n  (Driver info: chromedriver\u003d2.37.544315 (730aa6a5fdba159ac9f4c1e8cbc59bf1b5ce12b7),platform\u003dWindows NT 10.0.17134 x86_64) (WARNING: The server did not provide any stacktrace information)\nCommand duration or timeout: 0 milliseconds\nFor documentation on this error, please visit: https://www.seleniumhq.org/exceptions/no_such_element.html\nBuild info: version: \u00273.141.59\u0027, revision: \u0027e82be7d358\u0027, time: \u00272018-11-14T08:17:03\u0027\nSystem info: host: \u0027TECHCRZ\u0027, ip: \u0027192.168.0.11\u0027, os.name: \u0027Windows 10\u0027, os.arch: \u0027amd64\u0027, os.version: \u002710.0\u0027, java.version: \u00271.8.0_201\u0027\nDriver info: org.openqa.selenium.remote.RemoteWebDriver\nCapabilities {acceptInsecureCerts: false, acceptSslCerts: false, applicationCacheEnabled: false, browserConnectionEnabled: false, browserName: chrome, chrome: {chromedriverVersion: 2.37.544315 (730aa6a5fdba15..., userDataDir: C:\\Users\\CATHER~1\\AppData\\L...}, cssSelectorsEnabled: true, databaseEnabled: false, handlesAlerts: true, hasTouchScreen: false, javascriptEnabled: true, locationContextEnabled: true, mobileEmulationEnabled: false, nativeEvents: true, networkConnectionEnabled: false, pageLoadStrategy: normal, platform: XP, platformName: XP, rotatable: false, setWindowRect: true, takesHeapSnapshot: true, takesScreenshot: true, unexpectedAlertBehaviour: , unhandledPromptBehavior: , version: 76.0.3809.132, webStorageEnabled: true}\nSession ID: f3c031691c0fcb7827b066193de1a728\n*** Element info: {Using\u003dxpath, value\u003d//button[@class\u003d\u0027product-item__add-to-cart product-add-to-cart btn red add-to-cart\u0027][@data-productid\u003d\u002753327\u0027]}","stackTrace":[{"declaringClass":"com.metrope.www.task.Comprar","methodName":"performAs","fileName":"Comprar.java","lineNumber":16},{"declaringClass":"com.metrope.www.stepdefinitions.MetroStepDefinitions","methodName":"yoComproUnaSillaParaBebeKreaBabySillaDeComerRosa","fileName":"MetroStepDefinitions.java","lineNumber":33},{"declaringClass":"cucumber.runner.Runner","methodName":"runPickle","fileName":"Runner.java","lineNumber":80},{"declaringClass":"org.eclipse.jdt.internal.junit4.runner.JUnit4TestReference","methodName":"run","fileName":"JUnit4TestReference.java","lineNumber":86},{"declaringClass":"org.eclipse.jdt.internal.junit.runner.TestExecution","methodName":"run","fileName":"TestExecution.java","lineNumber":38},{"declaringClass":"org.eclipse.jdt.internal.junit.runner.RemoteTestRunner","methodName":"runTests","fileName":"RemoteTestRunner.java","lineNumber":538},{"declaringClass":"org.eclipse.jdt.internal.junit.runner.RemoteTestRunner","methodName":"runTests","fileName":"RemoteTestRunner.java","lineNumber":760},{"declaringClass":"org.eclipse.jdt.internal.junit.runner.RemoteTestRunner","methodName":"run","fileName":"RemoteTestRunner.java","lineNumber":460},{"declaringClass":"org.eclipse.jdt.internal.junit.runner.RemoteTestRunner","methodName":"main","fileName":"RemoteTestRunner.java","lineNumber":206}]}}},"result":"FAILURE","precondition":false,"level":2}]}]},{"number":10,"description":"And lo agrego a mi carrito","duration":2,"startTime":"2019-08-29T18:22:46.646-05:00[America/Bogota]","result":"SKIPPED","precondition":false,"level":0},{"number":11,"description":"Then yo visualizo el producto registrado con exito","duration":1,"startTime":"2019-08-29T18:22:46.649-05:00[America/Bogota]","result":"SKIPPED","precondition":false,"level":0}],"userStory":{"id":"title-of-your-feature","storyName":"Title of your feature","path":"src/test/resources/com/metrope/www/features/metrope.features/comprametrope.feature","narrative":"  I want to use this template for my feature file","type":"feature"},"featureTag":{"name":"Features/Title of your feature","type":"feature"},"title":"Comprar en metrope","tags":[{"name":"tag1","type":"tag"},{"name":"tag","type":"tag"}],"startTime":"2019-08-29T18:21:57.811-05:00[America/Bogota]","duration":48840,"testFailureCause":{"errorType":"net.thucydides.core.webdriver.exceptions.ElementShouldBeEnabledException","message":"Expected enabled element was not enabled","stackTrace":[{"declaringClass":"com.metrope.www.task.Comprar","methodName":"performAs","fileName":"Comprar.java","lineNumber":16},{"declaringClass":"com.metrope.www.stepdefinitions.MetroStepDefinitions","methodName":"yoComproUnaSillaParaBebeKreaBabySillaDeComerRosa","fileName":"MetroStepDefinitions.java","lineNumber":33},{"declaringClass":"cucumber.runner.Runner","methodName":"runPickle","fileName":"Runner.java","lineNumber":80},{"declaringClass":"org.eclipse.jdt.internal.junit4.runner.JUnit4TestReference","methodName":"run","fileName":"JUnit4TestReference.java","lineNumber":86},{"declaringClass":"org.eclipse.jdt.internal.junit.runner.TestExecution","methodName":"run","fileName":"TestExecution.java","lineNumber":38},{"declaringClass":"org.eclipse.jdt.internal.junit.runner.RemoteTestRunner","methodName":"runTests","fileName":"RemoteTestRunner.java","lineNumber":538},{"declaringClass":"org.eclipse.jdt.internal.junit.runner.RemoteTestRunner","methodName":"runTests","fileName":"RemoteTestRunner.java","lineNumber":760},{"declaringClass":"org.eclipse.jdt.internal.junit.runner.RemoteTestRunner","methodName":"run","fileName":"RemoteTestRunner.java","lineNumber":460},{"declaringClass":"org.eclipse.jdt.internal.junit.runner.RemoteTestRunner","methodName":"main","fileName":"RemoteTestRunner.java","lineNumber":206}],"rootCause":{"errorType":"org.openqa.selenium.TimeoutException","message":"Expected condition failed: waiting for By.xpath: //button[@class\u003d\u0027product-item__add-to-cart product-add-to-cart btn red add-to-cart\u0027][@data-productid\u003d\u002753327\u0027] to be enabled (tried for 5 second(s) with 100 milliseconds interval)","stackTrace":[{"declaringClass":"com.metrope.www.task.Comprar","methodName":"performAs","fileName":"Comprar.java","lineNumber":16},{"declaringClass":"com.metrope.www.stepdefinitions.MetroStepDefinitions","methodName":"yoComproUnaSillaParaBebeKreaBabySillaDeComerRosa","fileName":"MetroStepDefinitions.java","lineNumber":33},{"declaringClass":"cucumber.runner.Runner","methodName":"runPickle","fileName":"Runner.java","lineNumber":80},{"declaringClass":"org.eclipse.jdt.internal.junit4.runner.JUnit4TestReference","methodName":"run","fileName":"JUnit4TestReference.java","lineNumber":86},{"declaringClass":"org.eclipse.jdt.internal.junit.runner.TestExecution","methodName":"run","fileName":"TestExecution.java","lineNumber":38},{"declaringClass":"org.eclipse.jdt.internal.junit.runner.RemoteTestRunner","methodName":"runTests","fileName":"RemoteTestRunner.java","lineNumber":538},{"declaringClass":"org.eclipse.jdt.internal.junit.runner.RemoteTestRunner","methodName":"runTests","fileName":"RemoteTestRunner.java","lineNumber":760},{"declaringClass":"org.eclipse.jdt.internal.junit.runner.RemoteTestRunner","methodName":"run","fileName":"RemoteTestRunner.java","lineNumber":460},{"declaringClass":"org.eclipse.jdt.internal.junit.runner.RemoteTestRunner","methodName":"main","fileName":"RemoteTestRunner.java","lineNumber":206}],"rootCause":{"errorType":"org.openqa.selenium.NoSuchElementException","message":"no such element: Unable to locate element: {\"method\":\"xpath\",\"selector\":\"//button[@class\u003d\u0027product-item__add-to-cart product-add-to-cart btn red add-to-cart\u0027][@data-productid\u003d\u002753327\u0027]\"}\n  (Session info: chrome\u003d76.0.3809.132)\n  (Driver info: chromedriver\u003d2.37.544315 (730aa6a5fdba159ac9f4c1e8cbc59bf1b5ce12b7),platform\u003dWindows NT 10.0.17134 x86_64) (WARNING: The server did not provide any stacktrace information)\nCommand duration or timeout: 0 milliseconds\nFor documentation on this error, please visit: https://www.seleniumhq.org/exceptions/no_such_element.html\nBuild info: version: \u00273.141.59\u0027, revision: \u0027e82be7d358\u0027, time: \u00272018-11-14T08:17:03\u0027\nSystem info: host: \u0027TECHCRZ\u0027, ip: \u0027192.168.0.11\u0027, os.name: \u0027Windows 10\u0027, os.arch: \u0027amd64\u0027, os.version: \u002710.0\u0027, java.version: \u00271.8.0_201\u0027\nDriver info: org.openqa.selenium.remote.RemoteWebDriver\nCapabilities {acceptInsecureCerts: false, acceptSslCerts: false, applicationCacheEnabled: false, browserConnectionEnabled: false, browserName: chrome, chrome: {chromedriverVersion: 2.37.544315 (730aa6a5fdba15..., userDataDir: C:\\Users\\CATHER~1\\AppData\\L...}, cssSelectorsEnabled: true, databaseEnabled: false, handlesAlerts: true, hasTouchScreen: false, javascriptEnabled: true, locationContextEnabled: true, mobileEmulationEnabled: false, nativeEvents: true, networkConnectionEnabled: false, pageLoadStrategy: normal, platform: XP, platformName: XP, rotatable: false, setWindowRect: true, takesHeapSnapshot: true, takesScreenshot: true, unexpectedAlertBehaviour: , unhandledPromptBehavior: , version: 76.0.3809.132, webStorageEnabled: true}\nSession ID: f3c031691c0fcb7827b066193de1a728\n*** Element info: {Using\u003dxpath, value\u003d//button[@class\u003d\u0027product-item__add-to-cart product-add-to-cart btn red add-to-cart\u0027][@data-productid\u003d\u002753327\u0027]}","stackTrace":[{"declaringClass":"com.metrope.www.task.Comprar","methodName":"performAs","fileName":"Comprar.java","lineNumber":16},{"declaringClass":"com.metrope.www.stepdefinitions.MetroStepDefinitions","methodName":"yoComproUnaSillaParaBebeKreaBabySillaDeComerRosa","fileName":"MetroStepDefinitions.java","lineNumber":33},{"declaringClass":"cucumber.runner.Runner","methodName":"runPickle","fileName":"Runner.java","lineNumber":80},{"declaringClass":"org.eclipse.jdt.internal.junit4.runner.JUnit4TestReference","methodName":"run","fileName":"JUnit4TestReference.java","lineNumber":86},{"declaringClass":"org.eclipse.jdt.internal.junit.runner.TestExecution","methodName":"run","fileName":"TestExecution.java","lineNumber":38},{"declaringClass":"org.eclipse.jdt.internal.junit.runner.RemoteTestRunner","methodName":"runTests","fileName":"RemoteTestRunner.java","lineNumber":538},{"declaringClass":"org.eclipse.jdt.internal.junit.runner.RemoteTestRunner","methodName":"runTests","fileName":"RemoteTestRunner.java","lineNumber":760},{"declaringClass":"org.eclipse.jdt.internal.junit.runner.RemoteTestRunner","methodName":"run","fileName":"RemoteTestRunner.java","lineNumber":460},{"declaringClass":"org.eclipse.jdt.internal.junit.runner.RemoteTestRunner","methodName":"main","fileName":"RemoteTestRunner.java","lineNumber":206}]}}},"testFailureClassname":"net.thucydides.core.webdriver.exceptions.ElementShouldBeEnabledException","testFailureMessage":"Expected enabled element was not enabled","testFailureSummary":"FAILURE;net.thucydides.core.webdriver.exceptions.ElementShouldBeEnabledException;Expected enabled element was not enabled;Comprar.java","projectKey":"","annotatedResult":"FAILURE","sessionId":"f3c031691c0fcb7827b066193de1a728","driver":"chrome:--start-maximized","manual":false,"testSource":"Cucumber","actors":[{"name":"fabio","can":["browse the web"]}],"result":"FAILURE"}