<?xml version="1.0" encoding="UTF-8"?><testsuite errors="0" failures="1" name="Title of your feature" skipped="0" tests="1" time="48.84" timestamp="2019-08-29 06:21:57"><testcase name="Comprar en metrope"><failure message="Expected enabled element was not enabled" type="net.thucydides.core.webdriver.exceptions.ElementShouldBeEnabledException">Expected enabled element was not enabled</failure><system-err>Expected enabled element was not enabled&#13;
com.metrope.www.task.Comprar.performAs(Comprar.java:16)&#13;
com.metrope.www.stepdefinitions.MetroStepDefinitions.yoComproUnaSillaParaBebeKreaBabySillaDeComerRosa(MetroStepDefinitions.java:33)&#13;
cucumber.runner.Runner.runPickle(Runner.java:80)&#13;
org.eclipse.jdt.internal.junit4.runner.JUnit4TestReference.run(JUnit4TestReference.java:86)&#13;
org.eclipse.jdt.internal.junit.runner.TestExecution.run(TestExecution.java:38)&#13;
org.eclipse.jdt.internal.junit.runner.RemoteTestRunner.runTests(RemoteTestRunner.java:538)&#13;
org.eclipse.jdt.internal.junit.runner.RemoteTestRunner.runTests(RemoteTestRunner.java:760)&#13;
org.eclipse.jdt.internal.junit.runner.RemoteTestRunner.run(RemoteTestRunner.java:460)&#13;
org.eclipse.jdt.internal.junit.runner.RemoteTestRunner.main(RemoteTestRunner.java:206)&#13;
</system-err></testcase></testsuite>